[debug] [2024-03-17T00:30:42.318Z] ----------------------------------------------------------------------
[debug] [2024-03-17T00:30:42.322Z] Command:       C:\Program Files\nodejs\node.exe C:\Users\Jiraw\AppData\Roaming\npm\node_modules\firebase-tools\lib\bin\firebase.js init
[debug] [2024-03-17T00:30:42.322Z] CLI Version:   13.5.1
[debug] [2024-03-17T00:30:42.323Z] Platform:      win32
[debug] [2024-03-17T00:30:42.323Z] Node Version:  v20.10.0
[debug] [2024-03-17T00:30:42.323Z] Time:          Sun Mar 17 2024 07:30:42 GMT+0700 (เวลาอินโดจีน)
[debug] [2024-03-17T00:30:42.323Z] ----------------------------------------------------------------------
[debug] 
[debug] [2024-03-17T00:30:42.327Z] >>> [apiv2][query] GET https://firebase-public.firebaseio.com/cli.json [none]
[debug] [2024-03-17T00:30:42.375Z] > command requires scopes: ["email","openid","https://www.googleapis.com/auth/cloudplatformprojects.readonly","https://www.googleapis.com/auth/firebase","https://www.googleapis.com/auth/cloud-platform"]
[debug] [2024-03-17T00:30:42.375Z] > authorizing via signed-in user (65011212091@msu.ac.th)
[info] 
     ######## #### ########  ######## ########     ###     ######  ########
     ##        ##  ##     ## ##       ##     ##  ##   ##  ##       ##
     ######    ##  ########  ######   ########  #########  ######  ######
     ##        ##  ##    ##  ##       ##     ## ##     ##       ## ##
     ##       #### ##     ## ######## ########  ##     ##  ######  ########

You're about to initialize a Firebase project in this directory:

  D:\backend\node-express-mysql

[debug] [2024-03-17T00:30:43.129Z] <<< [apiv2][status] GET https://firebase-public.firebaseio.com/cli.json 200
[debug] [2024-03-17T00:30:43.129Z] <<< [apiv2][body] GET https://firebase-public.firebaseio.com/cli.json {"cloudBuildErrorAfter":1594252800000,"cloudBuildWarnAfter":1590019200000,"defaultNode10After":1594252800000,"minVersion":"3.0.5","node8DeploysDisabledAfter":1613390400000,"node8RuntimeDisabledAfter":1615809600000,"node8WarnAfter":1600128000000}
[info] 
=== Project Setup
[info] 
[info] First, let's associate this project directory with a Firebase project.
[info] You can create multiple project aliases by running firebase use --add, 
[info] but for now we'll just set up a default project.
[info] 
[debug] [2024-03-17T00:33:01.649Z] > refreshing access token with scopes: []
[debug] [2024-03-17T00:33:01.650Z] >>> [apiv2][query] POST https://www.googleapis.com/oauth2/v3/token [none]
[debug] [2024-03-17T00:33:01.650Z] >>> [apiv2][body] POST https://www.googleapis.com/oauth2/v3/token [omitted]
[debug] [2024-03-17T00:33:02.123Z] <<< [apiv2][status] POST https://www.googleapis.com/oauth2/v3/token 200
[debug] [2024-03-17T00:33:02.123Z] <<< [apiv2][body] POST https://www.googleapis.com/oauth2/v3/token [omitted]
[debug] [2024-03-17T00:33:02.131Z] >>> [apiv2][query] GET https://firebase.googleapis.com/v1beta1/projects pageSize=100
[debug] [2024-03-17T00:33:03.171Z] <<< [apiv2][status] GET https://firebase.googleapis.com/v1beta1/projects 200
[debug] [2024-03-17T00:33:03.171Z] <<< [apiv2][body] GET https://firebase.googleapis.com/v1beta1/projects [omitted]
[info] i  Using project rickmash-ae946 (rickmash) 
[info] 
=== Hosting Setup
[debug] [2024-03-17T00:33:08.689Z] >>> [apiv2][query] GET https://firebase.googleapis.com/v1beta1/projects/rickmash-ae946 [none]
[debug] [2024-03-17T00:33:09.212Z] <<< [apiv2][status] GET https://firebase.googleapis.com/v1beta1/projects/rickmash-ae946 200
[debug] [2024-03-17T00:33:09.212Z] <<< [apiv2][body] GET https://firebase.googleapis.com/v1beta1/projects/rickmash-ae946 {"projectId":"rickmash-ae946","projectNumber":"810387429879","displayName":"rickmash","name":"projects/rickmash-ae946","resources":{"hostingSite":"rickmash-ae946"},"state":"ACTIVE","etag":"1_541e7c5a-8697-4b61-a4b6-6001fb20d53e"}
[info] 
[info] Your public directory is the folder (relative to your project directory) that
[info] will contain Hosting assets to be uploaded with firebase deploy. If you
[info] have a build process for your assets, use your build's output directory.
[info] 
